[INFO ] 2024-01-24 17:50:09.255 [main] Login - Gmail is launched succesfully
[INFO ] 2024-01-24 17:50:09.394 [main] Login - emailId is entered
[INFO ] 2024-01-24 17:50:09.628 [main] Login - Next button is clicked
[INFO ] 2024-01-25 10:57:12.640 [main] Login - Gmail is launched succesfully
[INFO ] 2024-01-25 10:57:12.794 [main] Login - emailId is entered
[INFO ] 2024-01-25 10:57:13.009 [main] Login - Next button is clicked
[INFO ] 2024-01-25 10:58:03.529 [main] Login - Gmail is launched succesfully
[INFO ] 2024-01-25 10:58:03.785 [main] Login - emailId is entered
[INFO ] 2024-01-25 10:58:04.054 [main] Login - Next button is clicked
[INFO ] 2024-01-25 12:35:44.385 [main] Login - Gmail is launched succesfully
[INFO ] 2024-01-25 12:35:44.582 [main] Login - emailId is entered
[INFO ] 2024-01-25 12:35:44.836 [main] Login - Next button is clicked
[INFO ] 2024-01-25 13:58:24.047 [main] Login - Gmail is launched succesfully
[INFO ] 2024-01-25 13:58:24.142 [main] Login - emailId is entered
[INFO ] 2024-01-25 13:58:24.270 [main] Login - Next button is clicked
[INFO ] 2024-01-29 10:04:53.623 [main] Login - Gmail is launched succesfully
[INFO ] 2024-01-29 10:04:53.822 [main] Login - emailId is entered
[INFO ] 2024-01-29 10:04:54.038 [main] Login - Next button is clicked
[INFO ] 2024-01-29 10:27:45.896 [main] Login - Gmail is launched succesfully
[INFO ] 2024-01-29 10:27:46.367 [main] Login - emailId is entered
[INFO ] 2024-01-29 10:27:46.548 [main] Login - Next button is clicked
[INFO ] 2024-01-29 10:32:12.096 [main] Login - Gmail is launched succesfully
[INFO ] 2024-01-29 10:32:12.420 [main] Login - emailId is entered
[INFO ] 2024-01-29 10:32:12.702 [main] Login - Next button is clicked
[INFO ] 2024-01-29 11:44:31.959 [main] Login - Gmail is launched succesfully
[INFO ] 2024-01-29 11:44:32.332 [main] Login - emailId is entered
[INFO ] 2024-01-29 11:44:32.537 [main] Login - Next button is clicked
[INFO ] 2024-01-29 11:52:22.148 [main] Login - Gmail is launched succesfully
[INFO ] 2024-01-29 11:52:22.489 [main] Login - emailId is entered
[INFO ] 2024-01-29 11:52:22.718 [main] Login - Next button is clicked
[INFO ] 2024-01-30 10:39:42.830 [main] Login - Test started sucessfully
[INFO ] 2024-01-30 10:39:45.388 [main] Login - login done
[INFO ] 2024-01-30 10:54:18.863 [main] Login - Test started sucessfully
[INFO ] 2024-01-30 10:54:21.437 [main] Login - login done
[INFO ] 2024-01-30 11:01:34.932 [main] Login - Test started sucessfully
[INFO ] 2024-01-30 11:01:37.488 [main] Login - login done
[INFO ] 2024-01-30 11:11:17.192 [main] Login - Test started sucessfully
[INFO ] 2024-01-30 11:11:57.211 [main] Login - Test started sucessfully
[INFO ] 2024-01-30 11:11:59.866 [main] Login - HRM login successfull
[INFO ] 2024-01-30 11:45:46.877 [main] Login - Test started sucessfully
[INFO ] 2024-01-30 11:45:49.638 [main] Login - HRM login successfull
[INFO ] 2024-01-30 11:57:37.908 [main] Login - Test started sucessfully
[INFO ] 2024-01-30 11:57:38.335 [main] Login - HRM url loaded successfull
[INFO ] 2024-01-30 11:57:40.485 [main] Login - HRM login successfull
[INFO ] 2024-01-30 12:04:34.024 [main] Login - Test started sucessfully
[INFO ] 2024-01-30 12:04:34.516 [main] Login - HRM url loaded successfull
[INFO ] 2024-01-30 12:04:36.645 [main] Login - HRM login successfull
[INFO ] 2024-01-30 12:09:42.755 [main] Login - Test started sucessfully
[INFO ] 2024-01-30 12:09:43.248 [main] Login - HRM url loaded successfull
[INFO ] 2024-01-30 12:10:21.169 [main] Login - Test started sucessfully
[INFO ] 2024-01-30 12:10:21.604 [main] Login - HRM url loaded successfull
[INFO ] 2024-01-30 12:10:23.684 [main] Login - HRM login successfull
[INFO ] 2024-01-30 12:13:45.476 [main] Login - Test started sucessfully
[INFO ] 2024-01-30 12:13:48.205 [main] Login - HRM login successfull
[INFO ] 2024-01-30 12:25:03.286 [main] Login - Test started sucessfully
[INFO ] 2024-01-30 12:25:08.222 [main] Login - Entered user credentials
[INFO ] 2024-01-30 12:25:08.430 [main] Login - Clicked on Login button
[INFO ] 2024-01-30 12:25:10.192 [main] Login - HRM login successfull
[INFO ] 2024-01-30 12:26:44.292 [main] Login - Test started sucessfully
[INFO ] 2024-01-30 12:26:48.429 [main] Login - Entered user credentials
[INFO ] 2024-01-30 12:26:48.618 [main] Login - Clicked on Login button
[INFO ] 2024-01-30 12:26:50.434 [main] Login - HRM login successfull
[INFO ] 2024-01-30 12:29:31.122 [main] Login - Test started sucessfully
[INFO ] 2024-01-30 12:29:35.055 [main] Login - Entered user credentials
[INFO ] 2024-01-30 12:29:35.251 [main] Login - Clicked on Login button
[INFO ] 2024-01-30 12:29:37.099 [main] Login - HRM login successfull
[INFO ] 2024-01-30 12:30:19.212 [main] Login - Test started sucessfully
[INFO ] 2024-01-30 12:30:25.661 [main] Login - Entered user credentials
[INFO ] 2024-01-30 12:30:27.224 [main] Login - Clicked on Login button
[INFO ] 2024-01-30 12:30:27.891 [main] Login - HRM login successfull
[INFO ] 2024-01-30 12:34:08.722 [main] Login - Test started sucessfully
[INFO ] 2024-01-30 12:34:12.694 [main] Login - Entered user credentials
[INFO ] 2024-01-30 12:34:12.893 [main] Login - Clicked on Login button
[INFO ] 2024-01-30 12:40:14.883 [main] Login - Test started sucessfully
[INFO ] 2024-01-30 12:40:20.614 [main] Login - Entered user credentials
[INFO ] 2024-01-30 12:40:20.815 [main] Login - Clicked on Login button
[INFO ] 2024-01-30 13:44:45.255 [main] Login - Test started sucessfully
[INFO ] 2024-01-30 13:44:56.305 [main] Login - Test started sucessfully
[INFO ] 2024-01-30 13:45:01.694 [main] Login - Entered user credentials
[INFO ] 2024-01-30 13:45:01.894 [main] Login - Clicked on Login button
[INFO ] 2024-01-30 13:46:11.413 [main] Login - Test started sucessfully
[INFO ] 2024-01-30 13:46:16.100 [main] Login - Entered user credentials
[INFO ] 2024-01-30 13:46:16.316 [main] Login - Clicked on Login button
[INFO ] 2024-01-30 13:49:17.557 [main] Login - Test started sucessfully
[INFO ] 2024-01-30 13:49:22.509 [main] Login - Entered user credentials
[INFO ] 2024-01-30 13:49:22.807 [main] Login - Clicked on Login button
[INFO ] 2024-01-30 13:50:14.075 [main] Login - Test started sucessfully
[INFO ] 2024-01-30 13:50:18.410 [main] Login - Entered user credentials
[INFO ] 2024-01-30 13:50:18.630 [main] Login - Clicked on Login button
[INFO ] 2024-01-30 13:50:47.039 [main] Login - Test started sucessfully
[INFO ] 2024-01-30 13:50:51.265 [main] Login - Entered user credentials
[INFO ] 2024-01-30 13:50:51.401 [main] Login - Clicked on Login button
[INFO ] 2024-01-30 13:53:16.010 [main] Login - Test started sucessfully
[INFO ] 2024-01-30 13:53:21.577 [main] Login - Entered user credentials
[INFO ] 2024-01-30 13:53:21.815 [main] Login - Clicked on Login button
[INFO ] 2024-01-30 13:53:23.922 [main] Login - HRM login successfull
[INFO ] 2024-01-30 18:05:05.559 [main] Login - Entered user credentials
[INFO ] 2024-01-30 18:07:27.547 [main] Login - Entered user credentials
[INFO ] 2024-01-30 18:11:15.763 [main] Login - Test started sucessfully
[INFO ] 2024-01-30 18:12:37.695 [main] Login - Test started sucessfully
[INFO ] 2024-01-30 18:12:42.207 [main] Login - Entered user credentials
[INFO ] 2024-01-30 18:12:42.461 [main] Login - Clicked on Login button
[INFO ] 2024-01-30 18:12:44.333 [main] Login - HRM login successfull
[INFO ] 2024-01-30 18:12:51.560 [main] Login - Employee name selected
[INFO ] 2024-01-30 18:12:51.716 [main] Login - Job Title selected
[INFO ] 2024-01-30 18:12:51.864 [main] Login - Location selected
[INFO ] 2024-01-30 18:12:52.070 [main] Login - Search button clicked
[INFO ] 2024-01-30 18:23:16.472 [main] Login - Test started sucessfully
[INFO ] 2024-01-30 18:23:22.165 [main] Login - Entered user credentials
[INFO ] 2024-01-30 18:23:22.369 [main] Login - Clicked on Login button
[INFO ] 2024-01-30 18:23:24.289 [main] Login - HRM login successfull
[INFO ] 2024-01-30 18:23:25.229 [main] Login - Directory tab selected
[INFO ] 2024-01-30 18:23:25.958 [main] Login - Employee name selected
[INFO ] 2024-01-30 18:23:26.075 [main] Login - Job Title selected
[INFO ] 2024-01-30 18:23:26.241 [main] Login - Location selected
[INFO ] 2024-01-30 18:23:26.460 [main] Login - Search button clicked
[INFO ] 2024-01-30 18:25:52.251 [main] Login - Test started sucessfully
[INFO ] 2024-01-30 18:25:59.453 [main] Login - Entered user credentials
[INFO ] 2024-01-30 18:25:59.691 [main] Login - Clicked on Login button
[INFO ] 2024-01-30 18:26:01.525 [main] Login - HRM login successfull
[INFO ] 2024-01-30 18:26:02.476 [main] Login - Directory tab selected
[INFO ] 2024-01-30 18:30:17.721 [main] Login - Test started sucessfully
[INFO ] 2024-01-30 18:30:24.010 [main] Login - Entered user credentials
[INFO ] 2024-01-30 18:30:24.245 [main] Login - Clicked on Login button
[INFO ] 2024-01-30 18:30:26.402 [main] Login - HRM login successfull
[INFO ] 2024-01-30 18:30:27.372 [main] Login - Directory tab selected
[INFO ] 2024-01-30 18:31:04.968 [main] Login - Test started sucessfully
[INFO ] 2024-01-30 18:31:09.549 [main] Login - Entered user credentials
[INFO ] 2024-01-30 18:31:09.716 [main] Login - Clicked on Login button
[INFO ] 2024-01-30 18:31:12.025 [main] Login - HRM login successfull
[INFO ] 2024-01-30 18:31:13.141 [main] Login - Directory tab selected
[INFO ] 2024-01-30 18:33:14.646 [main] Login - Test started sucessfully
[INFO ] 2024-01-30 18:33:19.625 [main] Login - Entered user credentials
[INFO ] 2024-01-30 18:33:20.986 [main] Login - Clicked on Login button
[INFO ] 2024-01-30 18:33:21.705 [main] Login - HRM login successfull
[INFO ] 2024-01-30 18:33:22.951 [main] Login - Directory tab selected
[INFO ] 2024-01-30 18:35:25.905 [main] Login - Test started sucessfully
[INFO ] 2024-01-30 18:35:31.946 [main] Login - Entered user credentials
[INFO ] 2024-01-30 18:35:32.127 [main] Login - Clicked on Login button
[INFO ] 2024-01-30 18:35:34.203 [main] Login - HRM login successfull
[INFO ] 2024-01-30 18:35:35.334 [main] Login - Directory tab selected
[INFO ] 2024-01-30 18:36:20.276 [main] Login - Test started sucessfully
[INFO ] 2024-01-30 18:36:25.551 [main] Login - Entered user credentials
[INFO ] 2024-01-30 18:36:25.724 [main] Login - Clicked on Login button
[INFO ] 2024-01-30 18:36:27.641 [main] Login - HRM login successfull
[INFO ] 2024-01-30 18:36:28.808 [main] Login - Directory tab selected
[INFO ] 2024-01-30 18:51:29.993 [main] Login - Test started sucessfully
[INFO ] 2024-01-30 18:51:34.995 [main] Login - Entered user credentials
[INFO ] 2024-01-30 18:51:35.341 [main] Login - Clicked on Login button
[INFO ] 2024-01-30 18:51:37.418 [main] Login - HRM login successfull
[INFO ] 2024-01-30 18:51:38.726 [main] Login - Directory tab selected
[INFO ] 2024-01-30 18:54:06.213 [main] Login - Test started sucessfully
[INFO ] 2024-01-30 18:54:11.197 [main] Login - Entered user credentials
[INFO ] 2024-01-30 18:54:12.918 [main] Login - Clicked on Login button
[INFO ] 2024-01-30 18:54:13.614 [main] Login - HRM login successfull
[INFO ] 2024-01-30 18:54:14.727 [main] Login - Directory tab selected
[INFO ] 2024-01-30 19:03:06.502 [main] Login - Test started sucessfully
[INFO ] 2024-01-30 19:03:11.659 [main] Login - Entered user credentials
[INFO ] 2024-01-30 19:03:11.984 [main] Login - Clicked on Login button
[INFO ] 2024-01-30 19:03:13.953 [main] Login - HRM login successfull
[INFO ] 2024-01-30 19:03:15.259 [main] Login - Directory tab selected
[INFO ] 2024-01-30 19:06:59.260 [main] Login - Test started sucessfully
[INFO ] 2024-01-30 19:07:04.844 [main] Login - Entered user credentials
[INFO ] 2024-01-30 19:07:05.128 [main] Login - Clicked on Login button
[INFO ] 2024-01-30 19:07:07.171 [main] Login - HRM login successfull
[INFO ] 2024-01-30 19:07:08.308 [main] Login - Directory tab selected
[INFO ] 2024-01-30 19:10:50.974 [main] Login - Test started sucessfully
[INFO ] 2024-01-30 19:10:55.899 [main] Login - Entered user credentials
[INFO ] 2024-01-30 19:10:57.319 [main] Login - Clicked on Login button
[INFO ] 2024-01-30 19:10:58.041 [main] Login - HRM login successfull
[INFO ] 2024-01-30 19:10:59.208 [main] Login - Directory tab selected
[INFO ] 2024-01-30 19:11:00.452 [main] Login - Employee name selected
[INFO ] 2024-01-31 09:58:25.313 [main] Login - Test started sucessfully
[INFO ] 2024-01-31 09:58:29.320 [main] Login - Entered user credentials
[INFO ] 2024-01-31 09:58:29.443 [main] Login - Clicked on Login button
[INFO ] 2024-01-31 09:58:31.095 [main] Login - HRM login successfull
[INFO ] 2024-01-31 09:58:32.053 [main] Login - Directory tab selected
[INFO ] 2024-01-31 10:00:09.149 [main] Login - Test started sucessfully
[INFO ] 2024-01-31 10:00:13.174 [main] Login - Entered user credentials
[INFO ] 2024-01-31 10:00:13.270 [main] Login - Clicked on Login button
[INFO ] 2024-01-31 10:00:14.980 [main] Login - HRM login successfull
[INFO ] 2024-01-31 10:00:15.888 [main] Login - Directory tab selected
[INFO ] 2024-01-31 10:00:16.646 [main] Login - Employee name selected
[INFO ] 2024-01-31 10:02:10.536 [main] Login - Test started sucessfully
[INFO ] 2024-01-31 10:02:13.884 [main] Login - Entered user credentials
[INFO ] 2024-01-31 10:02:14.006 [main] Login - Clicked on Login button
[INFO ] 2024-01-31 10:02:15.652 [main] Login - HRM login successfull
[INFO ] 2024-01-31 10:02:16.654 [main] Login - Directory tab selected
[INFO ] 2024-01-31 10:02:17.460 [main] Login - Employee name selected
[INFO ] 2024-01-31 10:02:38.616 [main] Login - Test started sucessfully
[INFO ] 2024-01-31 10:02:42.242 [main] Login - Entered user credentials
[INFO ] 2024-01-31 10:02:42.368 [main] Login - Clicked on Login button
[INFO ] 2024-01-31 10:02:44.045 [main] Login - HRM login successfull
[INFO ] 2024-01-31 10:02:44.932 [main] Login - Directory tab selected
[INFO ] 2024-01-31 10:02:59.368 [main] Login - Employee name selected
[INFO ] 2024-01-31 10:04:06.125 [main] Login - Test started sucessfully
[INFO ] 2024-01-31 10:04:10.057 [main] Login - Entered user credentials
[INFO ] 2024-01-31 10:04:10.172 [main] Login - Clicked on Login button
[INFO ] 2024-01-31 10:04:11.924 [main] Login - HRM login successfull
[INFO ] 2024-01-31 10:04:12.734 [main] Login - Directory tab selected
[INFO ] 2024-01-31 10:04:13.537 [main] Login - Employee name selected
[INFO ] 2024-01-31 10:34:37.091 [main] Login - Entered user credentials
[INFO ] 2024-01-31 10:34:53.816 [main] Login - Entered user credentials
[INFO ] 2024-01-31 10:36:03.385 [main] Login - Entered user credentials
[INFO ] 2024-01-31 10:36:46.669 [main] Login - Test started sucessfully
[INFO ] 2024-01-31 10:36:50.375 [main] Login - Entered user credentials
[INFO ] 2024-01-31 10:36:50.477 [main] Login - Clicked on Login button
[INFO ] 2024-01-31 10:36:52.086 [main] Login - HRM login successfull
[INFO ] 2024-01-31 10:36:53.365 [main] Login - Admin tab selected
[INFO ] 2024-01-31 11:00:36.458 [main] Login - Test started sucessfully
[INFO ] 2024-01-31 11:00:45.852 [main] Login - Entered user credentials
[INFO ] 2024-01-31 11:00:46.080 [main] Login - Clicked on Login button
[INFO ] 2024-01-31 11:00:47.930 [main] Login - HRM login successfull
[INFO ] 2024-01-31 11:00:49.501 [main] Login - Admin tab selected
[INFO ] 2024-01-31 11:00:50.333 [main] Login - Entered Username
[INFO ] 2024-01-31 11:00:50.521 [main] Login - Selected User role
[INFO ] 2024-01-31 11:01:44.692 [main] Login - Test started sucessfully
[INFO ] 2024-01-31 11:01:49.798 [main] Login - Entered user credentials
[INFO ] 2024-01-31 11:01:49.948 [main] Login - Clicked on Login button
[INFO ] 2024-01-31 11:01:51.977 [main] Login - HRM login successfull
[INFO ] 2024-01-31 11:01:53.297 [main] Login - Admin tab selected
[INFO ] 2024-01-31 11:01:54.174 [main] Login - Entered Username
[INFO ] 2024-01-31 11:08:53.073 [main] Login - Test started sucessfully
[INFO ] 2024-01-31 11:08:58.122 [main] Login - Entered user credentials
[INFO ] 2024-01-31 11:08:58.353 [main] Login - Clicked on Login button
[INFO ] 2024-01-31 11:09:00.241 [main] Login - HRM login successfull
[INFO ] 2024-01-31 11:09:01.447 [main] Login - Admin tab selected
[INFO ] 2024-01-31 11:09:02.257 [main] Login - Entered Username
[INFO ] 2024-01-31 11:16:50.309 [main] Login - Test started sucessfully
[INFO ] 2024-01-31 11:16:59.271 [main] Login - Entered user credentials
[INFO ] 2024-01-31 11:16:59.512 [main] Login - Clicked on Login button
[INFO ] 2024-01-31 11:17:01.395 [main] Login - HRM login successfull
[INFO ] 2024-01-31 11:17:02.981 [main] Login - Admin tab selected
[INFO ] 2024-01-31 11:17:04.446 [main] Login - Entered Username
[INFO ] 2024-01-31 11:23:13.239 [main] Login - Test started sucessfully
[INFO ] 2024-01-31 11:23:24.825 [main] Login - Entered user credentials
[INFO ] 2024-01-31 11:23:25.020 [main] Login - Clicked on Login button
[INFO ] 2024-01-31 11:23:26.910 [main] Login - HRM login successfull
[INFO ] 2024-01-31 11:23:28.209 [main] Login - Admin tab selected
[INFO ] 2024-01-31 11:23:29.623 [main] Login - Entered Username
[INFO ] 2024-01-31 11:23:30.054 [main] Login - Selected User role
[INFO ] 2024-01-31 11:23:30.254 [main] Login - Clicked on Search button
[INFO ] 2024-01-31 11:35:09.609 [main] Login - Test started sucessfully
[INFO ] 2024-01-31 11:35:18.326 [main] Login - Entered user credentials
[INFO ] 2024-01-31 11:35:18.547 [main] Login - Clicked on Login button
[INFO ] 2024-01-31 11:35:20.481 [main] Login - HRM login successfull
[INFO ] 2024-01-31 11:35:22.097 [main] Login - Admin tab selected
[INFO ] 2024-01-31 11:35:23.063 [main] Login - Entered Username
[INFO ] 2024-01-31 11:35:23.539 [main] Login - Selected User role
[INFO ] 2024-01-31 11:35:23.777 [main] Login - Clicked on Search button
[INFO ] 2024-01-31 11:38:56.478 [main] Login - Test started sucessfully
[INFO ] 2024-01-31 11:39:15.349 [main] Login - Entered user credentials
[INFO ] 2024-01-31 11:39:15.622 [main] Login - Clicked on Login button
[INFO ] 2024-01-31 11:39:17.682 [main] Login - HRM login successfull
[INFO ] 2024-01-31 11:39:19.179 [main] Login - Admin tab selected
[INFO ] 2024-01-31 11:39:20.264 [main] Login - Entered Username
[INFO ] 2024-01-31 11:39:20.812 [main] Login - Selected User role
[INFO ] 2024-01-31 11:39:21.059 [main] Login - Clicked on Search button
[INFO ] 2024-01-31 12:02:37.483 [main] Login - Test started sucessfully
[INFO ] 2024-01-31 12:02:49.821 [main] Login - Entered user credentials
[INFO ] 2024-01-31 12:02:50.047 [main] Login - Clicked on Login button
[INFO ] 2024-01-31 12:02:52.054 [main] Login - HRM login successfull
[INFO ] 2024-01-31 12:02:53.597 [main] Login - Admin tab selected
[INFO ] 2024-01-31 12:02:54.572 [main] Login - Entered Username
[INFO ] 2024-01-31 12:02:55.035 [main] Login - Selected User role
[INFO ] 2024-01-31 12:02:55.273 [main] Login - Clicked on Search button
[INFO ] 2024-01-31 12:06:40.189 [main] Login - Test started sucessfully
[INFO ] 2024-01-31 12:06:47.813 [main] Login - Entered user credentials
[INFO ] 2024-01-31 12:06:48.082 [main] Login - Clicked on Login button
[INFO ] 2024-01-31 12:06:50.171 [main] Login - HRM login successfull
[INFO ] 2024-01-31 12:06:51.818 [main] Login - Admin tab selected
[INFO ] 2024-01-31 12:06:52.738 [main] Login - Entered Username
[INFO ] 2024-01-31 12:07:13.331 [main] Login - Selected User role
[INFO ] 2024-01-31 12:07:13.523 [main] Login - Clicked on Search button
[INFO ] 2024-01-31 12:14:27.340 [main] Login - Test started sucessfully
[INFO ] 2024-01-31 12:14:35.177 [main] Login - Entered user credentials
[INFO ] 2024-01-31 12:14:35.412 [main] Login - Clicked on Login button
[INFO ] 2024-01-31 12:14:37.497 [main] Login - HRM login successfull
[INFO ] 2024-01-31 12:14:39.306 [main] Login - Admin tab selected
[INFO ] 2024-01-31 12:14:40.241 [main] Login - Entered Username
[INFO ] 2024-01-31 12:14:40.732 [main] Login - Selected User role
[INFO ] 2024-01-31 12:14:40.949 [main] Login - Clicked on Search button
[INFO ] 2024-01-31 12:17:02.484 [main] Login - Test started sucessfully
[INFO ] 2024-01-31 12:17:08.913 [main] Login - Entered user credentials
[INFO ] 2024-01-31 12:17:10.503 [main] Login - Clicked on Login button
[INFO ] 2024-01-31 12:17:11.203 [main] Login - HRM login successfull
[INFO ] 2024-01-31 12:17:12.886 [main] Login - Admin tab selected
[INFO ] 2024-01-31 12:17:13.938 [main] Login - Entered Username
[INFO ] 2024-01-31 12:17:14.426 [main] Login - Selected User role
[INFO ] 2024-01-31 12:17:14.674 [main] Login - Clicked on Search button
[INFO ] 2024-01-31 12:17:15.376 [main] Login - Username selected is as expected
[INFO ] 2024-01-31 12:20:30.513 [main] Login - Test started sucessfully
[INFO ] 2024-01-31 12:20:37.571 [main] Login - Entered user credentials
[INFO ] 2024-01-31 12:20:37.798 [main] Login - Clicked on Login button
[INFO ] 2024-01-31 12:20:39.851 [main] Login - HRM login successfull
[INFO ] 2024-01-31 12:20:41.671 [main] Login - Admin tab selected
[INFO ] 2024-01-31 12:20:42.730 [main] Login - Entered Username
[INFO ] 2024-01-31 12:20:43.225 [main] Login - Selected User role
[INFO ] 2024-01-31 12:20:43.411 [main] Login - Clicked on Search button
[INFO ] 2024-01-31 12:29:09.832 [main] Login - Test started sucessfully
[INFO ] 2024-01-31 12:29:17.566 [main] Login - Entered user credentials
[INFO ] 2024-01-31 12:29:17.795 [main] Login - Clicked on Login button
[INFO ] 2024-01-31 12:29:19.861 [main] Login - HRM login successfull
[INFO ] 2024-01-31 12:29:21.382 [main] Login - Admin tab selected
[INFO ] 2024-01-31 12:29:22.501 [main] Login - Entered Username
[INFO ] 2024-01-31 12:29:23.153 [main] Login - Selected User role
[INFO ] 2024-01-31 12:29:23.377 [main] Login - Clicked on Search button
[INFO ] 2024-01-31 12:34:37.227 [main] Login - Test started sucessfully
[INFO ] 2024-01-31 12:34:43.481 [main] Login - Entered user credentials
[INFO ] 2024-01-31 12:34:43.651 [main] Login - Clicked on Login button
[INFO ] 2024-01-31 12:34:45.601 [main] Login - HRM login successfull
[INFO ] 2024-01-31 12:34:47.155 [main] Login - Admin tab selected
[INFO ] 2024-01-31 12:34:48.187 [main] Login - Entered Username
[INFO ] 2024-01-31 12:34:48.674 [main] Login - Selected User role
[INFO ] 2024-01-31 12:34:48.868 [main] Login - Clicked on Search button
[INFO ] 2024-01-31 12:35:49.582 [main] Login - Test started sucessfully
[INFO ] 2024-01-31 12:35:56.508 [main] Login - Entered user credentials
[INFO ] 2024-01-31 12:35:56.736 [main] Login - Clicked on Login button
[INFO ] 2024-01-31 12:35:59.721 [main] Login - HRM login successfull
[INFO ] 2024-01-31 12:36:01.147 [main] Login - Admin tab selected
[INFO ] 2024-01-31 12:36:02.090 [main] Login - Entered Username
[INFO ] 2024-01-31 12:36:02.573 [main] Login - Selected User role
[INFO ] 2024-01-31 12:36:02.801 [main] Login - Clicked on Search button
[INFO ] 2024-01-31 12:36:17.430 [main] Login - Test started sucessfully
[INFO ] 2024-01-31 12:36:23.755 [main] Login - Entered user credentials
[INFO ] 2024-01-31 12:36:26.475 [main] Login - Clicked on Login button
[INFO ] 2024-01-31 12:36:27.145 [main] Login - HRM login successfull
[INFO ] 2024-01-31 12:36:28.953 [main] Login - Admin tab selected
[INFO ] 2024-01-31 12:36:29.847 [main] Login - Entered Username
[INFO ] 2024-01-31 12:36:30.330 [main] Login - Selected User role
[INFO ] 2024-01-31 12:36:30.574 [main] Login - Clicked on Search button
[INFO ] 2024-01-31 12:38:23.864 [main] Login - Test started sucessfully
[INFO ] 2024-01-31 12:38:30.936 [main] Login - Entered user credentials
[INFO ] 2024-01-31 12:38:32.546 [main] Login - Clicked on Login button
[INFO ] 2024-01-31 12:38:33.282 [main] Login - HRM login successfull
[INFO ] 2024-01-31 12:38:34.720 [main] Login - Admin tab selected
[INFO ] 2024-01-31 12:38:35.679 [main] Login - Entered Username
[INFO ] 2024-01-31 12:38:36.349 [main] Login - Selected User role
[INFO ] 2024-01-31 12:38:36.576 [main] Login - Clicked on Search button
[INFO ] 2024-01-31 12:44:04.476 [main] Login - Test started sucessfully
[INFO ] 2024-01-31 12:44:10.829 [main] Login - Entered user credentials
[INFO ] 2024-01-31 12:44:11.036 [main] Login - Clicked on Login button
[INFO ] 2024-01-31 12:45:08.564 [main] Login - Test started sucessfully
[INFO ] 2024-01-31 12:45:18.302 [main] Login - Entered user credentials
[INFO ] 2024-01-31 12:45:18.512 [main] Login - Clicked on Login button
[INFO ] 2024-01-31 12:45:20.414 [main] Login - HRM login successfull
[INFO ] 2024-01-31 12:45:21.977 [main] Login - Admin tab selected
[INFO ] 2024-01-31 12:45:22.750 [main] Login - Entered Username
[INFO ] 2024-01-31 12:45:23.178 [main] Login - Selected User role
[INFO ] 2024-01-31 12:45:23.354 [main] Login - Clicked on Search button
[INFO ] 2024-01-31 12:47:44.786 [main] Login - Test started sucessfully
[INFO ] 2024-01-31 12:47:50.594 [main] Login - Entered user credentials
[INFO ] 2024-01-31 12:47:50.825 [main] Login - Clicked on Login button
[INFO ] 2024-01-31 12:47:52.857 [main] Login - HRM login successfull
[INFO ] 2024-01-31 12:47:54.133 [main] Login - Admin tab selected
[INFO ] 2024-01-31 12:47:55.097 [main] Login - Entered Username
[INFO ] 2024-01-31 12:47:55.523 [main] Login - Selected User role
[INFO ] 2024-01-31 12:47:55.711 [main] Login - Clicked on Search button
[INFO ] 2024-01-31 12:48:56.981 [main] Login - Test started sucessfully
[INFO ] 2024-01-31 12:49:05.135 [main] Login - Test started sucessfully
[INFO ] 2024-01-31 12:49:12.359 [main] Login - Entered user credentials
[INFO ] 2024-01-31 12:49:12.571 [main] Login - Clicked on Login button
[INFO ] 2024-01-31 12:49:14.499 [main] Login - HRM login successfull
[INFO ] 2024-01-31 12:49:16.066 [main] Login - Admin tab selected
[INFO ] 2024-01-31 12:49:17.016 [main] Login - Entered Username
[INFO ] 2024-01-31 12:49:17.583 [main] Login - Selected User role
[INFO ] 2024-01-31 12:49:17.831 [main] Login - Clicked on Search button
[INFO ] 2024-01-31 12:50:14.586 [main] Login - Test started sucessfully
[INFO ] 2024-01-31 12:50:22.543 [main] Login - Entered user credentials
[INFO ] 2024-01-31 12:50:22.766 [main] Login - Clicked on Login button
[INFO ] 2024-01-31 12:50:24.667 [main] Login - HRM login successfull
[INFO ] 2024-01-31 12:50:25.936 [main] Login - Admin tab selected
[INFO ] 2024-01-31 12:50:26.785 [main] Login - Entered Username
[INFO ] 2024-01-31 12:50:27.237 [main] Login - Selected User role
[INFO ] 2024-01-31 12:50:27.495 [main] Login - Clicked on Search button
[INFO ] 2024-01-31 12:53:28.370 [main] Login - Test started sucessfully
[INFO ] 2024-01-31 12:53:34.740 [main] Login - Entered user credentials
[INFO ] 2024-01-31 12:53:34.943 [main] Login - Clicked on Login button
[INFO ] 2024-01-31 12:53:36.843 [main] Login - HRM login successfull
[INFO ] 2024-01-31 12:53:38.224 [main] Login - Admin tab selected
[INFO ] 2024-01-31 12:53:39.175 [main] Login - Entered Username
[INFO ] 2024-01-31 12:53:39.702 [main] Login - Selected User role
[INFO ] 2024-01-31 12:53:39.932 [main] Login - Clicked on Search button
[INFO ] 2024-01-31 12:55:25.845 [main] Login - Test started sucessfully
[INFO ] 2024-01-31 12:55:32.255 [main] Login - Entered user credentials
[INFO ] 2024-01-31 12:55:32.394 [main] Login - Clicked on Login button
[INFO ] 2024-01-31 12:55:34.430 [main] Login - HRM login successfull
[INFO ] 2024-01-31 12:55:35.700 [main] Login - Admin tab selected
[INFO ] 2024-01-31 12:55:36.614 [main] Login - Entered Username
[INFO ] 2024-01-31 12:55:37.065 [main] Login - Selected User role
[INFO ] 2024-01-31 12:55:37.263 [main] Login - Clicked on Search button
[INFO ] 2024-01-31 13:01:06.459 [main] Login - Test started sucessfully
[INFO ] 2024-01-31 13:01:13.138 [main] Login - Entered user credentials
[INFO ] 2024-01-31 13:01:13.361 [main] Login - Clicked on Login button
[INFO ] 2024-01-31 13:01:15.210 [main] Login - HRM login successfull
[INFO ] 2024-01-31 13:01:16.637 [main] Login - Directory tab selected
[INFO ] 2024-01-31 13:01:17.810 [main] Login - Employee name selected
[INFO ] 2024-01-31 14:24:15.622 [main] Login - Test started sucessfully
[INFO ] 2024-01-31 14:24:19.785 [main] Login - Entered user credentials
[INFO ] 2024-01-31 14:24:19.876 [main] Login - Clicked on Login button
[INFO ] 2024-01-31 14:24:21.503 [main] Login - HRM login successfull
[INFO ] 2024-01-31 14:24:22.580 [main] Login - Directory tab selected
[INFO ] 2024-01-31 14:24:23.399 [main] Login - Employee name selected
[INFO ] 2024-01-31 14:24:56.366 [main] Login - Test started sucessfully
[INFO ] 2024-01-31 14:25:00.547 [main] Login - Entered user credentials
[INFO ] 2024-01-31 14:25:00.666 [main] Login - Clicked on Login button
[INFO ] 2024-01-31 14:25:02.378 [main] Login - HRM login successfull
[INFO ] 2024-01-31 14:25:03.832 [main] Login - Admin tab selected
[INFO ] 2024-01-31 14:25:04.536 [main] Login - Entered Username
[INFO ] 2024-01-31 14:25:04.706 [main] Login - Selected User role
[INFO ] 2024-01-31 14:25:04.799 [main] Login - Clicked on Search button
[INFO ] 2024-01-31 14:26:23.755 [main] Login - Test started sucessfully
[INFO ] 2024-01-31 14:26:27.377 [main] Login - Entered user credentials
[INFO ] 2024-01-31 14:26:27.513 [main] Login - Clicked on Login button
[INFO ] 2024-01-31 14:26:29.122 [main] Login - HRM login successfull
[INFO ] 2024-01-31 14:26:30.498 [main] Login - Admin tab selected
[INFO ] 2024-01-31 14:26:31.162 [main] Login - Entered Username
[INFO ] 2024-01-31 14:26:31.357 [main] Login - Selected User role
[INFO ] 2024-01-31 14:26:31.468 [main] Login - Clicked on Search button
[INFO ] 2024-01-31 14:32:28.705 [main] Login - Test started sucessfully
[INFO ] 2024-01-31 14:32:32.352 [main] Login - Entered user credentials
[INFO ] 2024-01-31 14:32:32.478 [main] Login - Clicked on Login button
[INFO ] 2024-01-31 14:32:34.250 [main] Login - HRM login successfull
[INFO ] 2024-01-31 14:32:35.815 [main] Login - Admin tab selected
[INFO ] 2024-01-31 14:32:36.476 [main] Login - Entered Username
[INFO ] 2024-01-31 14:32:36.704 [main] Login - Selected User role
[INFO ] 2024-01-31 14:32:36.824 [main] Login - Clicked on Search button
[INFO ] 2024-01-31 14:33:30.184 [main] Login - Test started sucessfully
[INFO ] 2024-01-31 14:33:33.682 [main] Login - Entered user credentials
[INFO ] 2024-01-31 14:33:33.774 [main] Login - Clicked on Login button
[INFO ] 2024-01-31 14:33:35.405 [main] Login - HRM login successfull
[INFO ] 2024-01-31 14:33:36.854 [main] Login - Admin tab selected
[INFO ] 2024-01-31 14:33:37.507 [main] Login - Entered Username
[INFO ] 2024-01-31 14:33:37.800 [main] Login - Selected User role
[INFO ] 2024-01-31 14:33:37.974 [main] Login - Clicked on Search button
[INFO ] 2024-01-31 14:34:17.159 [main] Login - Test started sucessfully
[INFO ] 2024-01-31 14:34:20.621 [main] Login - Entered user credentials
[INFO ] 2024-01-31 14:34:20.713 [main] Login - Clicked on Login button
[INFO ] 2024-01-31 14:34:22.372 [main] Login - HRM login successfull
[INFO ] 2024-01-31 14:34:23.497 [main] Login - Admin tab selected
[INFO ] 2024-01-31 14:34:24.145 [main] Login - Entered Username
[INFO ] 2024-01-31 14:34:24.355 [main] Login - Selected User role
[INFO ] 2024-01-31 14:34:24.479 [main] Login - Clicked on Search button
[INFO ] 2024-01-31 14:34:25.173 [main] Login - Number of records for selected user found as expected
[INFO ] 2024-01-31 14:37:16.260 [main] Login - Test started sucessfully
[INFO ] 2024-01-31 14:37:33.200 [main] Login - Test started sucessfully
[INFO ] 2024-01-31 14:37:36.949 [main] Login - Entered user credentials
[INFO ] 2024-01-31 14:37:37.040 [main] Login - Clicked on Login button
[INFO ] 2024-01-31 14:37:38.900 [main] Login - HRM login successfull
[INFO ] 2024-01-31 14:37:40.389 [main] Login - Admin tab selected
[INFO ] 2024-01-31 14:37:41.046 [main] Login - Entered Username
[INFO ] 2024-01-31 14:37:41.312 [main] Login - Selected User role
[INFO ] 2024-01-31 14:37:41.432 [main] Login - Clicked on Search button
[INFO ] 2024-01-31 14:37:42.119 [main] Login - Number of records for selected user found as expected : 1
[INFO ] 2024-01-31 14:44:56.526 [main] Login - Test started sucessfully
[INFO ] 2024-01-31 14:45:16.560 [main] Login - Entered user credentials
[INFO ] 2024-01-31 14:45:16.642 [main] Login - Clicked on Login button
[INFO ] 2024-01-31 14:45:18.379 [main] Login - HRM login successfull
[INFO ] 2024-01-31 14:45:19.739 [main] Login - Test started sucessfully
[INFO ] 2024-01-31 14:57:23.841 [main] Login - Test started sucessfully
[INFO ] 2024-01-31 14:57:28.068 [main] Login - Entered user credentials
[INFO ] 2024-01-31 14:57:28.171 [main] Login - Clicked on Login button
[INFO ] 2024-01-31 14:57:29.527 [main] Login - Error Message displayed
[INFO ] 2024-01-31 14:58:36.004 [main] Login - Test started sucessfully
[INFO ] 2024-01-31 14:58:39.801 [main] Login - Entered user credentials
[INFO ] 2024-01-31 14:58:39.905 [main] Login - Clicked on Login button
[INFO ] 2024-01-31 14:58:41.792 [main] Login - HRM login successfull
[INFO ] 2024-01-31 14:58:43.137 [main] Login - Test started sucessfully
[INFO ] 2024-01-31 14:58:46.570 [main] Login - Entered user credentials
[INFO ] 2024-01-31 14:58:46.657 [main] Login - Clicked on Login button
[INFO ] 2024-01-31 14:58:47.973 [main] Login - Error Message displayed
[INFO ] 2024-01-31 15:01:42.418 [main] Login - Test started sucessfully
[INFO ] 2024-01-31 15:01:46.003 [main] Login - Entered user credentials
[INFO ] 2024-01-31 15:01:46.122 [main] Login - Clicked on Login button
[INFO ] 2024-01-31 15:01:47.762 [main] Login - HRM login successfull
[INFO ] 2024-01-31 15:02:26.205 [main] Login - Test started sucessfully
[INFO ] 2024-01-31 15:02:29.889 [main] Login - Entered user credentials
[INFO ] 2024-01-31 15:02:30.007 [main] Login - Clicked on Login button
[INFO ] 2024-01-31 15:02:31.362 [main] Login - Error Message displayed
[INFO ] 2024-01-31 15:12:41.849 [main] Login - Test started sucessfully
[INFO ] 2024-01-31 15:12:45.616 [main] Login - Entered user credentials
[INFO ] 2024-01-31 15:12:45.713 [main] Login - Clicked on Login button
[INFO ] 2024-01-31 15:12:47.328 [main] Login - HRM login successfull
[INFO ] 2024-01-31 15:12:48.710 [main] Login - Test started sucessfully
[INFO ] 2024-01-31 15:12:51.860 [main] Login - Entered user credentials
[INFO ] 2024-01-31 15:12:51.954 [main] Login - Clicked on Login button
[INFO ] 2024-01-31 15:12:53.338 [main] Login - Error Message displayed
[INFO ] 2024-01-31 15:12:54.543 [main] Login - Test started sucessfully
[INFO ] 2024-01-31 15:12:57.906 [main] Login - Entered user credentials
[INFO ] 2024-01-31 15:12:57.994 [main] Login - Clicked on Login button
[INFO ] 2024-01-31 15:12:59.628 [main] Login - HRM login successfull
[INFO ] 2024-01-31 15:13:00.752 [main] Login - Admin tab selected
[INFO ] 2024-01-31 15:13:01.421 [main] Login - Entered Username
[INFO ] 2024-01-31 15:13:01.630 [main] Login - Selected User role
[INFO ] 2024-01-31 15:13:01.719 [main] Login - Clicked on Search button
[INFO ] 2024-01-31 15:13:02.884 [main] Login - Number of records for selected user found as expected : 1
[INFO ] 2024-01-31 15:35:20.955 [main] Login - Test started sucessfully
[INFO ] 2024-01-31 15:35:24.479 [main] Login - Entered user credentials
[INFO ] 2024-01-31 15:35:24.573 [main] Login - Clicked on Login button
[INFO ] 2024-01-31 15:35:26.538 [main] Login - HRM login successfull
[INFO ] 2024-01-31 15:35:27.926 [main] Login - Test started sucessfully
[INFO ] 2024-01-31 15:35:30.862 [main] Login - Entered user credentials
[INFO ] 2024-01-31 15:35:30.949 [main] Login - Clicked on Login button
[INFO ] 2024-01-31 15:35:32.244 [main] Login - Error Message displayed
[INFO ] 2024-01-31 15:36:49.282 [main] Login - Test started sucessfully
[INFO ] 2024-01-31 15:36:53.097 [main] Login - Entered user credentials
[INFO ] 2024-01-31 15:36:53.205 [main] Login - Clicked on Login button
[INFO ] 2024-01-31 15:36:54.936 [main] Login - HRM login successfull
[INFO ] 2024-01-31 15:36:56.290 [main] Login - Test started sucessfully
[INFO ] 2024-01-31 15:36:59.266 [main] Login - Entered user credentials
[INFO ] 2024-01-31 15:36:59.362 [main] Login - Clicked on Login button
[INFO ] 2024-01-31 15:37:00.682 [main] Login - Error Message displayed
[INFO ] 2024-01-31 15:37:01.777 [main] Login - Test started sucessfully
[INFO ] 2024-01-31 15:37:05.341 [main] Login - Entered user credentials
[INFO ] 2024-01-31 15:37:05.453 [main] Login - Clicked on Login button
[INFO ] 2024-01-31 15:37:07.196 [main] Login - HRM login successfull
[INFO ] 2024-01-31 15:37:08.313 [main] Login - Admin tab selected
[INFO ] 2024-01-31 15:37:08.947 [main] Login - Entered Username
[INFO ] 2024-01-31 15:37:09.151 [main] Login - Selected User role
[INFO ] 2024-01-31 15:37:09.290 [main] Login - Clicked on Search button
[INFO ] 2024-01-31 15:37:09.910 [main] Login - Number of records for selected user found as expected : 1
[INFO ] 2024-01-31 16:44:24.760 [main] Login - Test started sucessfully
[INFO ] 2024-01-31 16:44:26.336 [main] Login - Test started sucessfully
[INFO ] 2024-01-31 16:44:33.142 [main] Login - Test started sucessfully
[INFO ] 2024-01-31 16:44:37.142 [main] Login - Entered user credentials
[INFO ] 2024-01-31 16:44:37.373 [main] Login - Clicked on Login button
[INFO ] 2024-01-31 16:44:39.332 [main] Login - HRM login successfull
[INFO ] 2024-01-31 16:44:41.028 [main] Login - Admin tab selected
[INFO ] 2024-01-31 16:44:41.827 [main] Login - Entered Username
[INFO ] 2024-01-31 16:44:42.419 [main] Login - Selected User role
[INFO ] 2024-01-31 16:44:42.637 [main] Login - Clicked on Search button
[INFO ] 2024-01-31 16:44:43.352 [main] Login - Number of records for selected user found as expected : 1
[INFO ] 2024-01-31 16:45:41.343 [main] Login - Test started sucessfully
[INFO ] 2024-01-31 16:45:43.071 [main] Login - Test started sucessfully
[INFO ] 2024-01-31 16:45:50.090 [main] Login - Test started sucessfully
[INFO ] 2024-01-31 16:45:54.290 [main] Login - Entered user credentials
[INFO ] 2024-01-31 16:45:54.449 [main] Login - Clicked on Login button
[INFO ] 2024-01-31 16:45:56.496 [main] Login - HRM login successfull
[INFO ] 2024-01-31 16:45:58.143 [main] Login - Admin tab selected
[INFO ] 2024-01-31 16:45:58.951 [main] Login - Entered Username
[INFO ] 2024-01-31 16:45:59.602 [main] Login - Selected User role
[INFO ] 2024-01-31 16:45:59.864 [main] Login - Clicked on Search button
[INFO ] 2024-01-31 16:46:00.630 [main] Login - Number of records for selected user found as expected : 1
[INFO ] 2024-01-31 16:47:27.007 [main] Login - Test started sucessfully
[INFO ] 2024-01-31 16:47:28.737 [main] Login - Test started sucessfully
[INFO ] 2024-01-31 16:47:35.062 [main] Login - Test started sucessfully
[INFO ] 2024-01-31 16:47:39.880 [main] Login - Entered user credentials
[INFO ] 2024-01-31 16:47:40.123 [main] Login - Clicked on Login button
[INFO ] 2024-01-31 16:47:42.127 [main] Login - HRM login successfull
[INFO ] 2024-01-31 16:47:43.831 [main] Login - Admin tab selected
[INFO ] 2024-01-31 16:47:44.689 [main] Login - Entered Username
[INFO ] 2024-01-31 16:47:45.353 [main] Login - Selected User role
[INFO ] 2024-01-31 16:47:45.574 [main] Login - Clicked on Search button
[INFO ] 2024-01-31 16:47:46.256 [main] Login - Number of records for selected user found as expected : 1
[INFO ] 2024-01-31 16:48:30.385 [main] Login - Test started sucessfully
[INFO ] 2024-01-31 16:48:35.859 [main] Login - Entered user credentials
[INFO ] 2024-01-31 16:48:36.046 [main] Login - Clicked on Login button
[INFO ] 2024-01-31 16:48:37.946 [main] Login - HRM login successfull
[INFO ] 2024-01-31 16:48:39.864 [main] Login - Test started sucessfully
[INFO ] 2024-01-31 16:48:45.500 [main] Login - Test started sucessfully
[INFO ] 2024-01-31 16:48:49.557 [main] Login - Entered user credentials
[INFO ] 2024-01-31 16:48:49.771 [main] Login - Clicked on Login button
[INFO ] 2024-01-31 16:48:51.735 [main] Login - HRM login successfull
[INFO ] 2024-01-31 16:48:53.264 [main] Login - Admin tab selected
[INFO ] 2024-01-31 16:48:53.999 [main] Login - Entered Username
[INFO ] 2024-01-31 16:48:54.516 [main] Login - Selected User role
[INFO ] 2024-01-31 16:48:54.642 [main] Login - Clicked on Search button
[INFO ] 2024-01-31 16:48:55.354 [main] Login - Number of records for selected user found as expected : 1
[INFO ] 2024-01-31 16:49:53.753 [main] Login - Test started sucessfully
[INFO ] 2024-01-31 16:49:58.686 [main] Login - Entered user credentials
[INFO ] 2024-01-31 16:49:58.823 [main] Login - Clicked on Login button
[INFO ] 2024-01-31 16:50:00.856 [main] Login - HRM login successfull
[INFO ] 2024-01-31 16:50:02.957 [main] Login - Test started sucessfully
[INFO ] 2024-01-31 16:50:06.998 [main] Login - Entered user credentials
[INFO ] 2024-01-31 16:50:07.179 [main] Login - Clicked on Login button
[INFO ] 2024-01-31 16:50:08.608 [main] Login - Error Message displayed
[INFO ] 2024-01-31 16:50:10.406 [main] Login - Test started sucessfully
[INFO ] 2024-01-31 16:50:16.495 [main] Login - Entered user credentials
[INFO ] 2024-01-31 16:50:16.673 [main] Login - Clicked on Login button
[INFO ] 2024-01-31 16:50:18.711 [main] Login - HRM login successfull
[INFO ] 2024-01-31 16:50:20.294 [main] Login - Admin tab selected
[INFO ] 2024-01-31 16:50:21.057 [main] Login - Entered Username
[INFO ] 2024-01-31 16:50:21.589 [main] Login - Selected User role
[INFO ] 2024-01-31 16:50:21.814 [main] Login - Clicked on Search button
[INFO ] 2024-01-31 16:50:22.519 [main] Login - Number of records for selected user found as expected : 1
[INFO ] 2024-02-01 12:22:40.210 [main] Login - Test started sucessfully
[INFO ] 2024-02-01 12:22:45.987 [main] Login - Entered user credentials
[INFO ] 2024-02-01 12:22:47.708 [main] Login - Clicked on Login button
[INFO ] 2024-02-01 12:22:48.349 [main] Login - HRM login successfull
[INFO ] 2024-02-01 12:22:50.501 [main] Login - Test started sucessfully
[INFO ] 2024-02-01 12:22:54.978 [main] Login - Entered user credentials
[INFO ] 2024-02-01 12:22:55.191 [main] Login - Clicked on Login button
[INFO ] 2024-02-01 12:22:56.951 [main] Login - Error Message displayed
[INFO ] 2024-02-01 12:22:58.788 [main] Login - Test started sucessfully
[INFO ] 2024-02-01 12:23:18.690 [main] Login - Entered user credentials
[INFO ] 2024-02-01 12:23:18.949 [main] Login - Clicked on Login button
[INFO ] 2024-02-01 12:23:21.068 [main] Login - HRM login successfull
[INFO ] 2024-02-01 12:23:22.838 [main] Login - Admin tab selected
[INFO ] 2024-02-01 12:23:23.589 [main] Login - Entered Username
[INFO ] 2024-02-01 12:23:24.187 [main] Login - Selected User role
[INFO ] 2024-02-01 12:23:24.379 [main] Login - Clicked on Search button
[INFO ] 2024-02-01 12:23:25.097 [main] Login - Number of records for selected user found as expected : 1
[INFO ] 2024-02-01 13:44:08.451 [main] Login - Test started sucessfully
[INFO ] 2024-02-01 13:44:12.899 [main] Login - Entered user credentials
[INFO ] 2024-02-01 13:44:13.098 [main] Login - Clicked on Login button
[INFO ] 2024-02-01 13:44:14.867 [main] Login - HRM login successfull
[INFO ] 2024-02-01 13:44:16.658 [main] Login - Test started sucessfully
[INFO ] 2024-02-01 13:44:20.524 [main] Login - Entered user credentials
[INFO ] 2024-02-01 13:44:21.646 [main] Login - Clicked on Login button
[INFO ] 2024-02-01 13:44:22.318 [main] Login - Error Message displayed
[INFO ] 2024-02-01 13:44:24.175 [main] Login - Test started sucessfully
[INFO ] 2024-02-01 13:44:28.631 [main] Login - Entered user credentials
[INFO ] 2024-02-01 13:44:28.851 [main] Login - Clicked on Login button
[INFO ] 2024-02-01 13:44:30.902 [main] Login - HRM login successfull
[INFO ] 2024-02-01 13:44:32.321 [main] Login - Admin tab selected
[INFO ] 2024-02-01 13:44:33.228 [main] Login - Entered Username
[INFO ] 2024-02-01 13:44:33.667 [main] Login - Selected User role
[INFO ] 2024-02-01 13:44:33.898 [main] Login - Clicked on Search button
[INFO ] 2024-02-01 13:44:34.594 [main] Login - Number of records for selected user found as expected : 1
[INFO ] 2024-02-01 14:36:02.304 [main] Login - Test started sucessfully
[INFO ] 2024-02-01 14:36:07.790 [main] Login - Entered user credentials
[INFO ] 2024-02-01 14:36:07.997 [main] Login - Clicked on Login button
[INFO ] 2024-02-01 14:36:09.929 [main] Login - HRM login successfull
[INFO ] 2024-02-01 14:36:11.877 [main] Login - Test started sucessfully
[INFO ] 2024-02-01 14:36:16.777 [main] Login - Entered user credentials
[INFO ] 2024-02-01 14:36:16.987 [main] Login - Clicked on Login button
[INFO ] 2024-02-01 14:36:18.566 [main] Login - Error Message displayed
[INFO ] 2024-02-01 14:36:19.980 [main] Login - Test started sucessfully
[INFO ] 2024-02-01 14:36:23.833 [main] Login - Entered user credentials
[INFO ] 2024-02-01 14:36:25.260 [main] Login - Clicked on Login button
[INFO ] 2024-02-01 14:36:25.878 [main] Login - HRM login successfull
[INFO ] 2024-02-01 14:36:27.317 [main] Login - Admin tab selected
[INFO ] 2024-02-01 14:36:28.123 [main] Login - Entered Username
[INFO ] 2024-02-01 14:36:28.518 [main] Login - Selected User role
[INFO ] 2024-02-01 14:36:28.672 [main] Login - Clicked on Search button
[INFO ] 2024-02-01 14:36:29.362 [main] Login - Number of records for selected user found as expected : 1
[INFO ] 2024-02-01 17:53:46.824 [main] Login - Test started sucessfully
[INFO ] 2024-02-01 17:53:50.958 [main] Login - Entered user credentials
[INFO ] 2024-02-01 17:53:51.089 [main] Login - Clicked on Login button
[INFO ] 2024-02-01 17:53:52.790 [main] Login - HRM login successfull
[INFO ] 2024-02-01 17:53:54.240 [main] Login - Test started sucessfully
[INFO ] 2024-02-01 17:53:57.663 [main] Login - Entered user credentials
[INFO ] 2024-02-01 17:53:57.776 [main] Login - Clicked on Login button
[INFO ] 2024-02-01 17:53:59.113 [main] Login - Error Message displayed
[INFO ] 2024-02-01 17:54:00.412 [main] Login - Test started sucessfully
[INFO ] 2024-02-01 17:54:03.598 [main] Login - Entered user credentials
[INFO ] 2024-02-01 17:54:03.704 [main] Login - Clicked on Login button
[INFO ] 2024-02-01 17:54:05.446 [main] Login - HRM login successfull
[INFO ] 2024-02-01 17:54:06.872 [main] Login - Admin tab selected
[INFO ] 2024-02-01 17:54:07.524 [main] Login - Entered Username
[INFO ] 2024-02-01 17:54:07.833 [main] Login - Selected User role
[INFO ] 2024-02-01 17:54:07.914 [main] Login - Clicked on Search button
[INFO ] 2024-02-01 17:54:08.551 [main] Login - Number of records for selected user found as expected : 1
[INFO ] 2024-02-01 18:07:09.169 [main] Login - Test started sucessfully
[INFO ] 2024-02-01 18:07:13.985 [main] Login - Entered user credentials
[INFO ] 2024-02-01 18:07:14.124 [main] Login - Clicked on Login button
[INFO ] 2024-02-01 18:07:15.912 [main] Login - HRM login successfull
[INFO ] 2024-02-01 18:07:17.432 [main] Login - Test started sucessfully
[INFO ] 2024-02-01 18:07:20.815 [main] Login - Entered user credentials
[INFO ] 2024-02-01 18:07:20.941 [main] Login - Clicked on Login button
[INFO ] 2024-02-01 18:07:22.313 [main] Login - Error Message displayed
[INFO ] 2024-02-01 18:07:23.785 [main] Login - Test started sucessfully
[INFO ] 2024-02-01 18:07:27.267 [main] Login - Entered user credentials
[INFO ] 2024-02-01 18:07:27.363 [main] Login - Clicked on Login button
[INFO ] 2024-02-01 18:07:29.154 [main] Login - HRM login successfull
[INFO ] 2024-02-01 18:07:30.528 [main] Login - Admin tab selected
[INFO ] 2024-02-01 18:07:31.193 [main] Login - Entered Username
[INFO ] 2024-02-01 18:07:31.517 [main] Login - Selected User role
[INFO ] 2024-02-01 18:07:31.623 [main] Login - Clicked on Search button
[INFO ] 2024-02-01 18:07:32.271 [main] Login - Number of records for selected user found as expected : 1
[INFO ] 2024-02-01 18:24:20.263 [main] Login - Entered user credentials
[INFO ] 2024-02-01 18:24:20.346 [main] Login - Clicked on Login button
[INFO ] 2024-02-01 18:24:22.551 [main] Login - HRM login successfull
[INFO ] 2024-02-01 18:24:27.933 [main] Login - Entered user credentials
[INFO ] 2024-02-01 18:24:28.055 [main] Login - Clicked on Login button
[INFO ] 2024-02-01 18:24:29.389 [main] Login - Error Message displayed
[INFO ] 2024-02-01 18:24:34.853 [main] Login - Entered user credentials
[INFO ] 2024-02-01 18:24:34.955 [main] Login - Clicked on Login button
[INFO ] 2024-02-01 18:24:36.739 [main] Login - HRM login successfull
[INFO ] 2024-02-01 18:24:37.845 [main] Login - Admin tab selected
[INFO ] 2024-02-01 18:24:38.486 [main] Login - Entered Username
[INFO ] 2024-02-01 18:24:38.723 [main] Login - Selected User role
[INFO ] 2024-02-01 18:24:38.898 [main] Login - Clicked on Search button
[INFO ] 2024-02-01 18:24:39.521 [main] Login - Number of records for selected user found as expected : 1
[INFO ] 2024-02-02 09:46:30.305 [main] Login - Entered user credentials
[INFO ] 2024-02-02 09:46:30.550 [main] Login - Clicked on Login button
[INFO ] 2024-02-02 09:46:32.410 [main] Login - HRM login successfull
[INFO ] 2024-02-02 09:46:44.305 [main] Login - Entered user credentials
[INFO ] 2024-02-02 09:46:44.538 [main] Login - Clicked on Login button
[INFO ] 2024-02-02 09:46:45.912 [main] Login - Error Message displayed
[INFO ] 2024-02-02 09:46:57.567 [main] Login - Entered user credentials
[INFO ] 2024-02-02 09:46:57.771 [main] Login - Clicked on Login button
[INFO ] 2024-02-02 09:46:59.672 [main] Login - HRM login successfull
[INFO ] 2024-02-02 09:47:00.962 [main] Login - Admin tab selected
[INFO ] 2024-02-02 09:47:01.819 [main] Login - Entered Username
[INFO ] 2024-02-02 09:47:02.296 [main] Login - Selected User role
[INFO ] 2024-02-02 09:47:02.482 [main] Login - Clicked on Search button
[INFO ] 2024-02-02 09:47:03.184 [main] Login - Number of records for selected user found as expected : 1
[INFO ] 2024-02-02 10:13:10.505 [main] Login - Entered user credentials
[INFO ] 2024-02-02 10:13:10.694 [main] Login - Clicked on Login button
[INFO ] 2024-02-02 10:13:12.512 [main] Login - HRM login successfull
[INFO ] 2024-02-02 10:13:21.389 [main] Login - Entered user credentials
[INFO ] 2024-02-02 10:13:22.272 [main] Login - Clicked on Login button
[INFO ] 2024-02-02 10:13:22.963 [main] Login - Error Message displayed
[INFO ] 2024-02-02 10:13:32.728 [main] Login - Entered user credentials
[INFO ] 2024-02-02 10:13:32.970 [main] Login - Clicked on Login button
[INFO ] 2024-02-02 10:13:34.838 [main] Login - HRM login successfull
[INFO ] 2024-02-02 10:13:36.449 [main] Login - Admin tab selected
[INFO ] 2024-02-02 10:13:37.244 [main] Login - Entered Username
[INFO ] 2024-02-02 10:13:37.895 [main] Login - Selected User role
[INFO ] 2024-02-02 10:13:38.098 [main] Login - Clicked on Search button
[INFO ] 2024-02-02 10:13:38.794 [main] Login - Number of records for selected user found as expected : 1
[INFO ] 2024-02-02 10:14:40.239 [main] Login - Entered user credentials
[INFO ] 2024-02-02 10:14:40.423 [main] Login - Clicked on Login button
[INFO ] 2024-02-02 10:14:42.307 [main] Login - HRM login successfull
[INFO ] 2024-02-02 10:14:51.917 [main] Login - Entered user credentials
[INFO ] 2024-02-02 10:14:52.100 [main] Login - Clicked on Login button
[INFO ] 2024-02-02 10:14:53.510 [main] Login - Error Message displayed
[INFO ] 2024-02-02 10:15:03.179 [main] Login - Entered user credentials
[INFO ] 2024-02-02 10:15:03.417 [main] Login - Clicked on Login button
[INFO ] 2024-02-02 10:15:05.489 [main] Login - HRM login successfull
[INFO ] 2024-02-02 10:15:06.960 [main] Login - Admin tab selected
[INFO ] 2024-02-02 10:15:07.789 [main] Login - Entered Username
[INFO ] 2024-02-02 10:15:08.290 [main] Login - Selected User role
[INFO ] 2024-02-02 10:15:08.470 [main] Login - Clicked on Search button
[INFO ] 2024-02-02 10:15:09.166 [main] Login - Number of records for selected user found as expected : 1
[INFO ] 2024-02-02 10:18:18.853 [main] Login - Entered user credentials
[INFO ] 2024-02-02 10:18:19.103 [main] Login - Clicked on Login button
[INFO ] 2024-02-02 10:18:20.889 [main] Login - HRM login successfull
[INFO ] 2024-02-02 10:18:30.785 [main] Login - Entered user credentials
[INFO ] 2024-02-02 10:18:31.025 [main] Login - Clicked on Login button
[INFO ] 2024-02-02 10:18:32.665 [main] Login - Error Message displayed
[INFO ] 2024-02-02 10:55:52.620 [main] Login - Entered user credentials
[INFO ] 2024-02-02 10:55:52.893 [main] Login - Clicked on Login button
[INFO ] 2024-02-02 10:55:54.798 [main] Login - HRM login successfull
[INFO ] 2024-02-02 10:56:04.428 [main] Login - Entered user credentials
[INFO ] 2024-02-02 10:56:04.643 [main] Login - Clicked on Login button
[INFO ] 2024-02-02 10:56:06.292 [main] Login - Error Message displayed
[INFO ] 2024-02-02 10:56:15.134 [main] Login - Entered user credentials
[INFO ] 2024-02-02 10:56:15.350 [main] Login - Clicked on Login button
[INFO ] 2024-02-02 10:56:17.322 [main] Login - HRM login successfull
[INFO ] 2024-02-02 10:56:18.516 [main] Login - Admin tab selected
[INFO ] 2024-02-02 10:56:19.332 [main] Login - Entered Username
[INFO ] 2024-02-02 10:56:19.951 [main] Login - Selected User role
[INFO ] 2024-02-02 10:56:20.136 [main] Login - Clicked on Search button
[INFO ] 2024-02-02 10:56:20.861 [main] Login - Number of records for selected user found as expected : 1
[INFO ] 2024-02-02 10:59:32.591 [main] Login - Entered user credentials
[INFO ] 2024-02-02 10:59:32.835 [main] Login - Clicked on Login button
[INFO ] 2024-02-02 10:59:34.799 [main] Login - HRM login successfull
[INFO ] 2024-02-02 10:59:43.480 [main] Login - Entered user credentials
[INFO ] 2024-02-02 10:59:44.576 [main] Login - Clicked on Login button
[INFO ] 2024-02-02 10:59:45.245 [main] Login - Error Message displayed
[INFO ] 2024-02-02 10:59:53.979 [main] Login - Entered user credentials
[INFO ] 2024-02-02 10:59:54.175 [main] Login - Clicked on Login button
[INFO ] 2024-02-02 10:59:56.029 [main] Login - HRM login successfull
[INFO ] 2024-02-02 10:59:57.474 [main] Login - Admin tab selected
[INFO ] 2024-02-02 10:59:58.301 [main] Login - Entered Username
[INFO ] 2024-02-02 10:59:58.923 [main] Login - Selected User role
[INFO ] 2024-02-02 10:59:59.163 [main] Login - Clicked on Search button
[INFO ] 2024-02-02 10:59:59.890 [main] Login - Number of records for selected user found as expected : 1
[INFO ] 2024-02-02 11:02:54.545 [main] Login - Entered user credentials
[INFO ] 2024-02-02 11:02:54.756 [main] Login - Clicked on Login button
[INFO ] 2024-02-02 11:02:56.818 [main] Login - HRM login successfull
[INFO ] 2024-02-02 11:03:05.336 [main] Login - Entered user credentials
[INFO ] 2024-02-02 11:03:05.567 [main] Login - Clicked on Login button
[INFO ] 2024-02-02 11:03:07.028 [main] Login - Error Message displayed
[INFO ] 2024-02-02 11:03:15.350 [main] Login - Entered user credentials
[INFO ] 2024-02-02 11:03:15.524 [main] Login - Clicked on Login button
[INFO ] 2024-02-02 11:03:17.326 [main] Login - HRM login successfull
[INFO ] 2024-02-02 11:03:18.986 [main] Login - Admin tab selected
[INFO ] 2024-02-02 11:03:19.957 [main] Login - Entered Username
[INFO ] 2024-02-02 11:03:20.296 [main] Login - Selected User role
[INFO ] 2024-02-02 11:03:20.510 [main] Login - Clicked on Search button
[INFO ] 2024-02-02 11:03:21.223 [main] Login - Number of records for selected user found as expected : 1
[INFO ] 2024-02-02 11:33:27.196 [main] Login - Entered user credentials
[INFO ] 2024-02-02 11:33:27.413 [main] Login - Clicked on Login button
[INFO ] 2024-02-02 11:33:29.744 [main] Login - HRM login successfull
[INFO ] 2024-02-02 11:33:38.999 [main] Login - Entered user credentials
[INFO ] 2024-02-02 11:33:39.225 [main] Login - Clicked on Login button
[INFO ] 2024-02-02 11:33:40.752 [main] Login - Error Message displayed
[INFO ] 2024-02-02 11:33:49.980 [main] Login - Entered user credentials
[INFO ] 2024-02-02 11:33:51.666 [main] Login - Clicked on Login button
[INFO ] 2024-02-02 11:33:52.346 [main] Login - HRM login successfull
[INFO ] 2024-02-02 11:33:53.894 [main] Login - Admin tab selected
[INFO ] 2024-02-02 11:33:54.754 [main] Login - Entered Username
[INFO ] 2024-02-02 11:33:55.506 [main] Login - Selected User role
[INFO ] 2024-02-02 11:33:55.782 [main] Login - Clicked on Search button
[INFO ] 2024-02-02 11:33:56.500 [main] Login - Number of records for selected user found as expected : 1
[INFO ] 2024-02-02 11:35:06.565 [main] Login - Entered user credentials
[INFO ] 2024-02-02 11:35:06.816 [main] Login - Clicked on Login button
[INFO ] 2024-02-02 11:35:08.828 [main] Login - HRM login successfull
[INFO ] 2024-02-02 11:35:17.106 [main] Login - Entered user credentials
[INFO ] 2024-02-02 11:35:17.315 [main] Login - Clicked on Login button
[INFO ] 2024-02-02 11:35:18.756 [main] Login - Error Message displayed
[INFO ] 2024-02-02 11:36:07.317 [main] Login - Entered user credentials
[INFO ] 2024-02-02 11:36:07.625 [main] Login - Clicked on Login button
[INFO ] 2024-02-02 13:08:12.581 [main] Login - Entered user credentials
[INFO ] 2024-02-02 13:08:12.733 [main] Login - Clicked on Login button
[INFO ] 2024-02-02 13:08:14.600 [main] Login - HRM login successfull
[INFO ] 2024-02-02 13:08:20.678 [main] Login - Entered user credentials
[INFO ] 2024-02-02 13:08:20.888 [main] Login - Clicked on Login button
[INFO ] 2024-02-02 13:08:22.388 [main] Login - Error Message displayed
[INFO ] 2024-02-02 13:08:28.036 [main] Login - Entered user credentials
[INFO ] 2024-02-02 13:08:28.215 [main] Login - Clicked on Login button
[INFO ] 2024-02-02 13:08:29.924 [main] Login - HRM login successfull
[INFO ] 2024-02-02 13:08:31.468 [main] Login - Admin tab selected
[INFO ] 2024-02-02 13:08:32.199 [main] Login - Entered Username
[INFO ] 2024-02-02 13:08:32.715 [main] Login - Selected User role
[INFO ] 2024-02-02 13:08:32.943 [main] Login - Clicked on Search button
[INFO ] 2024-02-02 13:08:33.636 [main] Login - Number of records for selected user found as expected : 1
[INFO ] 2024-02-02 14:24:31.664 [main] Login - Entered user credentials
[INFO ] 2024-02-02 14:24:31.889 [main] Login - Clicked on Login button
[INFO ] 2024-02-02 14:24:33.910 [main] Login - HRM login successfull
[INFO ] 2024-02-02 14:24:33.910 [main] Login - Test Case Passed is : Login
[INFO ] 2024-02-02 14:24:39.882 [main] Login - Entered user credentials
[INFO ] 2024-02-02 14:24:40.103 [main] Login - Clicked on Login button
[INFO ] 2024-02-02 14:24:41.562 [main] Login - Error Message displayed
[INFO ] 2024-02-02 14:24:41.562 [main] Login - Test Case Passed is : Login
[INFO ] 2024-02-02 14:24:50.717 [main] Login - Entered user credentials
[INFO ] 2024-02-02 14:24:50.912 [main] Login - Clicked on Login button
[INFO ] 2024-02-02 14:24:52.742 [main] Login - HRM login successfull
[INFO ] 2024-02-02 14:24:54.270 [main] Login - Admin tab selected
[INFO ] 2024-02-02 14:24:55.105 [main] Login - Entered Username
[INFO ] 2024-02-02 14:24:55.504 [main] Login - Selected User role
[INFO ] 2024-02-02 14:24:55.684 [main] Login - Clicked on Search button
[INFO ] 2024-02-02 14:24:56.368 [main] Login - Number of records for selected user found as expected : 1
[INFO ] 2024-02-02 14:24:56.368 [main] Login - Test Case Passed is : Admin
[INFO ] 2024-02-02 14:36:11.073 [main] Login - Entered user credentials
[INFO ] 2024-02-02 14:36:12.718 [main] Login - Clicked on Login button
[INFO ] 2024-02-02 14:36:13.408 [main] Login - HRM login successfull
[INFO ] 2024-02-02 14:36:19.901 [main] Login - Entered user credentials
[INFO ] 2024-02-02 14:36:20.080 [main] Login - Clicked on Login button
[INFO ] 2024-02-02 14:36:21.573 [main] Login - Error Message displayed
[INFO ] 2024-02-02 14:36:27.546 [main] Login - Entered user credentials
[INFO ] 2024-02-02 14:36:27.760 [main] Login - Clicked on Login button
[INFO ] 2024-02-02 14:36:29.539 [main] Login - HRM login successfull
[INFO ] 2024-02-02 14:36:30.993 [main] Login - Admin tab selected
[INFO ] 2024-02-02 14:36:31.785 [main] Login - Entered Username
[INFO ] 2024-02-02 14:36:32.310 [main] Login - Selected User role
[INFO ] 2024-02-02 14:36:32.527 [main] Login - Clicked on Search button
[INFO ] 2024-02-02 14:36:33.244 [main] Login - Number of records for selected user found as expected : 1
[INFO ] 2024-02-02 14:53:00.539 [main] Login - Entered user credentials
[INFO ] 2024-02-02 14:53:00.703 [main] Login - Clicked on Login button
[INFO ] 2024-02-02 14:53:02.543 [main] Login - HRM login successfull
[INFO ] 2024-02-02 14:53:07.589 [main] Login - Entered user credentials
[INFO ] 2024-02-02 14:53:07.777 [main] Login - Clicked on Login button
[INFO ] 2024-02-02 14:53:09.176 [main] Login - Error Message displayed
[INFO ] 2024-02-02 14:53:13.929 [main] Login - Entered user credentials
[INFO ] 2024-02-02 14:53:14.161 [main] Login - Clicked on Login button
[INFO ] 2024-02-02 14:53:16.330 [main] Login - HRM login successfull
[INFO ] 2024-02-02 14:53:17.969 [main] Login - Admin tab selected
[INFO ] 2024-02-02 14:54:31.285 [main] Login - Entered user credentials
[INFO ] 2024-02-02 14:54:31.418 [main] Login - Clicked on Login button
[INFO ] 2024-02-02 14:54:33.191 [main] Login - HRM login successfull
[INFO ] 2024-02-02 14:54:34.600 [main] Login - Admin tab selected
[INFO ] 2024-02-02 14:57:30.289 [main] Login - Entered user credentials
[INFO ] 2024-02-02 14:57:30.485 [main] Login - Clicked on Login button
[INFO ] 2024-02-02 14:57:32.250 [main] Login - HRM login successfull
[INFO ] 2024-02-02 14:57:37.484 [main] Login - Entered user credentials
[INFO ] 2024-02-02 14:57:37.695 [main] Login - Clicked on Login button
[INFO ] 2024-02-02 14:57:39.484 [main] Login - Error Message displayed
[INFO ] 2024-02-02 14:57:44.064 [main] Login - Entered user credentials
[INFO ] 2024-02-02 14:57:44.253 [main] Login - Clicked on Login button
[INFO ] 2024-02-02 14:57:45.983 [main] Login - HRM login successfull
[INFO ] 2024-02-02 14:57:47.267 [main] Login - Admin tab selected
[INFO ] 2024-02-02 14:57:48.006 [main] Login - Entered Username
[INFO ] 2024-02-02 14:57:48.453 [main] Login - Selected User role
[INFO ] 2024-02-02 14:57:48.655 [main] Login - Clicked on Search button
[INFO ] 2024-02-02 14:57:49.347 [main] Login - Number of records for selected user found as expected : 1
[INFO ] 2024-02-05 10:34:47.469 [main] Login - Entered user credentials
[INFO ] 2024-02-05 10:34:47.562 [main] Login - Clicked on Login button
[INFO ] 2024-02-05 10:34:49.201 [main] Login - HRM login successfull
[INFO ] 2024-02-05 10:34:53.997 [main] Login - Entered user credentials
[INFO ] 2024-02-05 10:34:54.107 [main] Login - Clicked on Login button
[INFO ] 2024-02-05 10:34:55.423 [main] Login - Error Message displayed
[INFO ] 2024-02-05 10:34:59.924 [main] Login - Entered user credentials
[INFO ] 2024-02-05 10:35:00.026 [main] Login - Clicked on Login button
[INFO ] 2024-02-05 10:35:01.674 [main] Login - HRM login successfull
[INFO ] 2024-02-05 10:35:03.199 [main] Login - Admin tab selected
[INFO ] 2024-02-05 10:35:03.834 [main] Login - Entered Username
[INFO ] 2024-02-05 10:35:04.041 [main] Login - Selected User role
[INFO ] 2024-02-05 10:35:04.170 [main] Login - Clicked on Search button
[INFO ] 2024-02-05 10:35:05.390 [main] Login - Number of records for selected user found as expected : 1
[INFO ] 2024-02-05 12:30:09.339 [main] Login - Entered user credentials
[INFO ] 2024-02-05 12:30:12.958 [main] Login - Clicked on Login button
[INFO ] 2024-02-05 12:30:14.169 [main] Login - HRM login successfull
[INFO ] 2024-02-05 12:30:20.755 [main] Login - Entered user credentials
[INFO ] 2024-02-05 12:30:21.746 [main] Login - Clicked on Login button
[INFO ] 2024-02-05 12:30:22.404 [main] Login - Error Message displayed
[INFO ] 2024-02-05 12:30:28.615 [main] Login - Entered user credentials
[INFO ] 2024-02-05 12:30:28.755 [main] Login - Clicked on Login button
[INFO ] 2024-02-05 12:30:30.721 [main] Login - HRM login successfull
[INFO ] 2024-02-05 12:30:31.993 [main] Login - Admin tab selected
[INFO ] 2024-02-05 12:30:32.780 [main] Login - Entered Username
[INFO ] 2024-02-05 12:30:33.342 [main] Login - Selected User role
[INFO ] 2024-02-05 12:30:33.560 [main] Login - Clicked on Search button
[INFO ] 2024-02-05 12:30:34.279 [main] Login - Number of records for selected user found as expected : 1
[INFO ] 2024-02-05 12:31:11.563 [main] Login - Entered user credentials
[INFO ] 2024-02-05 12:31:11.744 [main] Login - Clicked on Login button
[INFO ] 2024-02-05 12:31:13.831 [main] Login - HRM login successfull
[INFO ] 2024-02-05 12:31:20.265 [main] Login - Entered user credentials
[INFO ] 2024-02-05 12:31:20.451 [main] Login - Clicked on Login button
[INFO ] 2024-02-05 12:31:21.912 [main] Login - Error Message displayed
[INFO ] 2024-02-05 12:31:27.882 [main] Login - Entered user credentials
[INFO ] 2024-02-05 12:31:28.019 [main] Login - Clicked on Login button
[INFO ] 2024-02-05 12:31:30.023 [main] Login - HRM login successfull
[INFO ] 2024-02-05 12:31:31.470 [main] Login - Admin tab selected
[INFO ] 2024-02-05 12:31:32.202 [main] Login - Entered Username
[INFO ] 2024-02-05 12:31:32.891 [main] Login - Selected User role
[INFO ] 2024-02-05 12:31:33.072 [main] Login - Clicked on Search button
[INFO ] 2024-02-05 12:31:33.786 [main] Login - Number of records for selected user found as expected : 1
[INFO ] 2024-02-05 16:54:38.987 [main] Login - Entered user credentials
[INFO ] 2024-02-05 16:54:39.209 [main] Login - Clicked on Login button
[INFO ] 2024-02-05 16:54:41.096 [main] Login - HRM login successfull
[INFO ] 2024-02-05 16:54:47.355 [main] Login - Entered user credentials
[INFO ] 2024-02-05 16:54:47.602 [main] Login - Clicked on Login button
[INFO ] 2024-02-05 16:54:49.182 [main] Login - Error Message displayed
[INFO ] 2024-02-05 16:54:55.262 [main] Login - Entered user credentials
[INFO ] 2024-02-05 16:54:55.452 [main] Login - Clicked on Login button
[INFO ] 2024-02-05 16:54:57.455 [main] Login - HRM login successfull
[INFO ] 2024-02-05 16:54:58.576 [main] Login - Admin tab selected
[INFO ] 2024-02-05 16:54:59.352 [main] Login - Entered Username
[INFO ] 2024-02-05 16:54:59.895 [main] Login - Selected User role
[INFO ] 2024-02-05 16:55:00.101 [main] Login - Clicked on Search button
[INFO ] 2024-02-05 16:55:00.800 [main] Login - Number of records for selected user found as expected : 1
[INFO ] 2024-02-06 10:44:43.506 [main] Login - Entered user credentials
[INFO ] 2024-02-06 10:44:43.672 [main] Login - Clicked on Login button
[INFO ] 2024-02-06 10:44:45.490 [main] Login - HRM login successfull
[INFO ] 2024-02-06 10:44:52.191 [main] Login - Entered user credentials
[INFO ] 2024-02-06 10:44:52.361 [main] Login - Clicked on Login button
[INFO ] 2024-02-06 10:44:53.790 [main] Login - Error Message displayed
[INFO ] 2024-02-06 10:45:00.203 [main] Login - Entered user credentials
[INFO ] 2024-02-06 10:45:01.700 [main] Login - Clicked on Login button
[INFO ] 2024-02-06 10:45:02.351 [main] Login - HRM login successfull
[INFO ] 2024-02-06 10:45:03.897 [main] Login - Admin tab selected
[INFO ] 2024-02-06 10:45:04.668 [main] Login - Entered Username
[INFO ] 2024-02-06 10:45:05.159 [main] Login - Selected User role
[INFO ] 2024-02-06 10:45:05.345 [main] Login - Clicked on Search button
[INFO ] 2024-02-06 10:45:06.553 [main] Login - Number of records for selected user found as expected : 1
[INFO ] 2024-02-07 11:31:19.714 [main] Login - Entered user credentials
[INFO ] 2024-02-07 11:31:19.868 [main] Login - Clicked on Login button
[INFO ] 2024-02-07 11:31:21.896 [main] Login - HRM login successfull
[INFO ] 2024-02-07 11:31:27.437 [main] Login - Entered user credentials
[INFO ] 2024-02-07 11:31:27.730 [main] Login - Clicked on Login button
[INFO ] 2024-02-07 11:31:29.576 [main] Login - Error Message displayed
[INFO ] 2024-02-07 11:31:36.037 [main] Login - Entered user credentials
[INFO ] 2024-02-07 11:31:36.216 [main] Login - Clicked on Login button
[INFO ] 2024-02-07 11:31:38.199 [main] Login - HRM login successfull
[INFO ] 2024-02-07 11:31:40.003 [main] Login - Admin tab selected
[INFO ] 2024-02-07 11:31:40.970 [main] Login - Entered Username
[INFO ] 2024-02-07 11:31:41.567 [main] Login - Selected User role
[INFO ] 2024-02-07 11:31:41.774 [main] Login - Clicked on Search button
[INFO ] 2024-02-07 11:31:42.453 [main] Login - Number of records for selected user found as expected : 1
[INFO ] 2024-02-07 14:13:31.815 [main] Login - Entered user credentials
[INFO ] 2024-02-07 14:13:32.033 [main] Login - Clicked on Login button
[INFO ] 2024-02-07 14:13:34.017 [main] Login - HRM login successfull
[INFO ] 2024-02-07 14:13:40.202 [main] Login - Entered user credentials
[INFO ] 2024-02-07 14:13:40.411 [main] Login - Clicked on Login button
[INFO ] 2024-02-07 14:13:41.961 [main] Login - Error Message displayed
[INFO ] 2024-02-07 14:13:48.098 [main] Login - Entered user credentials
[INFO ] 2024-02-07 14:13:48.333 [main] Login - Clicked on Login button
[INFO ] 2024-02-07 14:13:50.355 [main] Login - HRM login successfull
[INFO ] 2024-02-07 14:13:51.744 [main] Login - Admin tab selected
[INFO ] 2024-02-07 14:13:52.703 [main] Login - Entered Username
[INFO ] 2024-02-07 14:13:53.159 [main] Login - Selected User role
[INFO ] 2024-02-07 14:13:53.382 [main] Login - Clicked on Search button
[INFO ] 2024-02-07 14:13:54.095 [main] Login - Number of records for selected user found as expected : 1
[INFO ] 2024-02-07 14:35:47.082 [main] Login - Entered user credentials
[INFO ] 2024-02-07 14:35:47.192 [main] Login - Clicked on Login button
[INFO ] 2024-02-07 14:35:48.922 [main] Login - HRM login successfull
[INFO ] 2024-02-07 14:36:00.468 [main] Login - Entered user credentials
[INFO ] 2024-02-07 14:36:00.552 [main] Login - Clicked on Login button
[INFO ] 2024-02-07 14:36:01.876 [main] Login - Error Message displayed
[INFO ] 2024-02-07 14:36:11.747 [main] Login - Entered user credentials
[INFO ] 2024-02-07 14:36:11.837 [main] Login - Clicked on Login button
[INFO ] 2024-02-07 14:36:13.492 [main] Login - HRM login successfull
[INFO ] 2024-02-07 14:36:14.553 [main] Login - Admin tab selected
[INFO ] 2024-02-07 14:36:15.196 [main] Login - Entered Username
[INFO ] 2024-02-07 14:36:15.403 [main] Login - Selected User role
[INFO ] 2024-02-07 14:36:15.557 [main] Login - Clicked on Search button
[INFO ] 2024-02-07 14:36:16.238 [main] Login - Number of records for selected user found as expected : 1
[INFO ] 2024-02-13 11:08:17.835 [main] Login - Entered user credentials
[INFO ] 2024-02-13 11:08:18.037 [main] Login - Clicked on Login button
[INFO ] 2024-02-13 11:08:20.058 [main] Login - HRM login successfull
[INFO ] 2024-02-13 11:08:26.315 [main] Login - Entered user credentials
[INFO ] 2024-02-13 11:08:26.532 [main] Login - Clicked on Login button
[INFO ] 2024-02-13 11:08:28.037 [main] Login - Error Message displayed
[INFO ] 2024-02-13 11:08:34.409 [main] Login - Entered user credentials
[INFO ] 2024-02-13 11:08:34.634 [main] Login - Clicked on Login button
[INFO ] 2024-02-13 11:08:36.570 [main] Login - HRM login successfull
[INFO ] 2024-02-13 11:08:37.821 [main] Login - Admin tab selected
[INFO ] 2024-02-13 11:08:38.609 [main] Login - Entered Username
[INFO ] 2024-02-13 11:08:39.172 [main] Login - Selected User role
[INFO ] 2024-02-13 11:08:39.331 [main] Login - Clicked on Search button
[INFO ] 2024-02-13 11:08:40.068 [main] Login - Number of records for selected user found as expected : 1
[INFO ] 2024-02-13 11:18:52.260 [main] Login - Entered user credentials
[INFO ] 2024-02-13 11:18:52.436 [main] Login - Clicked on Login button
[INFO ] 2024-02-13 11:18:54.557 [main] Login - HRM login successfull
[INFO ] 2024-02-13 11:19:00.594 [main] Login - Entered user credentials
[INFO ] 2024-02-13 11:19:00.775 [main] Login - Clicked on Login button
[INFO ] 2024-02-13 11:19:02.243 [main] Login - Error Message displayed
[INFO ] 2024-02-13 11:19:07.943 [main] Login - Entered user credentials
[INFO ] 2024-02-13 11:19:08.134 [main] Login - Clicked on Login button
[INFO ] 2024-02-13 11:19:09.992 [main] Login - HRM login successfull
[INFO ] 2024-02-13 11:19:11.430 [main] Login - Admin tab selected
[INFO ] 2024-02-13 11:19:12.231 [main] Login - Entered Username
[INFO ] 2024-02-13 11:19:12.634 [main] Login - Selected User role
[INFO ] 2024-02-13 11:19:12.856 [main] Login - Clicked on Search button
[INFO ] 2024-02-13 11:19:13.540 [main] Login - Number of records for selected user found as expected : 1
[INFO ] 2024-02-16 14:56:55.613 [main] Login - Entered user credentials
[INFO ] 2024-02-16 14:56:55.855 [main] Login - Clicked on Login button
[INFO ] 2024-02-16 14:56:57.747 [main] Login - HRM login successfull
[INFO ] 2024-02-16 14:57:03.799 [main] Login - Entered user credentials
[INFO ] 2024-02-16 14:57:04.022 [main] Login - Clicked on Login button
[INFO ] 2024-02-16 14:57:05.485 [main] Login - Error Message displayed
[INFO ] 2024-02-16 14:57:11.671 [main] Login - Entered user credentials
[INFO ] 2024-02-16 14:57:11.884 [main] Login - Clicked on Login button
[INFO ] 2024-02-16 14:57:13.773 [main] Login - HRM login successfull
[INFO ] 2024-02-16 14:57:15.240 [main] Login - Admin tab selected
[INFO ] 2024-02-16 14:57:16.111 [main] Login - Entered Username
[INFO ] 2024-02-16 14:57:16.531 [main] Login - Selected User role
[INFO ] 2024-02-16 14:57:16.716 [main] Login - Clicked on Search button
[INFO ] 2024-02-16 14:57:17.426 [main] Login - Number of records for selected user found as expected : 1
[INFO ] 2024-02-16 15:08:46.990 [main] Login - Entered user credentials
[INFO ] 2024-02-16 15:08:47.157 [main] Login - Clicked on Login button
[INFO ] 2024-02-16 15:08:49.228 [main] Login - HRM login successfull
[INFO ] 2024-02-16 15:08:55.343 [main] Login - Entered user credentials
[INFO ] 2024-02-16 15:08:55.528 [main] Login - Clicked on Login button
[INFO ] 2024-02-16 15:08:57.213 [main] Login - Error Message displayed
[INFO ] 2024-02-16 15:09:02.596 [main] Login - Entered user credentials
[INFO ] 2024-02-16 15:09:02.786 [main] Login - Clicked on Login button
[INFO ] 2024-02-16 15:09:04.936 [main] Login - HRM login successfull
[INFO ] 2024-02-16 15:09:06.482 [main] Login - Admin tab selected
[INFO ] 2024-02-16 15:09:07.253 [main] Login - Entered Username
[INFO ] 2024-02-16 15:09:07.709 [main] Login - Selected User role
[INFO ] 2024-02-16 15:09:07.957 [main] Login - Clicked on Search button
[INFO ] 2024-02-16 15:09:08.683 [main] Login - Number of records for selected user found as expected : 1
[INFO ] 2024-02-16 15:11:16.832 [main] Login - Entered user credentials
[INFO ] 2024-02-16 15:11:16.966 [main] Login - Clicked on Login button
[INFO ] 2024-02-16 15:11:18.792 [main] Login - HRM login successfull
[INFO ] 2024-02-16 15:11:24.413 [main] Login - Entered user credentials
[INFO ] 2024-02-16 15:11:24.593 [main] Login - Clicked on Login button
[INFO ] 2024-02-16 15:11:26.408 [main] Login - Error Message displayed
[INFO ] 2024-02-16 15:11:32.243 [main] Login - Entered user credentials
[INFO ] 2024-02-16 15:11:34.124 [main] Login - Clicked on Login button
[INFO ] 2024-02-16 15:11:34.744 [main] Login - HRM login successfull
[INFO ] 2024-02-16 15:11:36.531 [main] Login - Admin tab selected
[INFO ] 2024-02-16 15:11:37.304 [main] Login - Entered Username
[INFO ] 2024-02-16 15:11:37.878 [main] Login - Selected User role
[INFO ] 2024-02-16 15:11:38.048 [main] Login - Clicked on Search button
[INFO ] 2024-02-16 15:11:38.761 [main] Login - Number of records for selected user found as expected : 1
[INFO ] 2024-02-16 15:16:45.143 [main] Login - Entered user credentials
[INFO ] 2024-02-16 15:16:45.354 [main] Login - Clicked on Login button
[INFO ] 2024-02-16 15:16:47.389 [main] Login - HRM login successfull
[INFO ] 2024-02-16 15:16:53.412 [main] Login - Entered user credentials
[INFO ] 2024-02-16 15:16:53.653 [main] Login - Clicked on Login button
[INFO ] 2024-02-16 15:16:55.256 [main] Login - Error Message displayed
[INFO ] 2024-02-16 15:17:01.109 [main] Login - Entered user credentials
[INFO ] 2024-02-16 15:17:01.254 [main] Login - Clicked on Login button
[INFO ] 2024-02-16 15:17:03.340 [main] Login - HRM login successfull
[INFO ] 2024-02-16 15:17:05.075 [main] Login - Admin tab selected
[INFO ] 2024-02-16 15:17:05.802 [main] Login - Entered Username
[INFO ] 2024-02-16 15:17:06.271 [main] Login - Selected User role
[INFO ] 2024-02-16 15:17:06.445 [main] Login - Clicked on Search button
[INFO ] 2024-02-16 15:17:07.133 [main] Login - Number of records for selected user found as expected : 1
